de: 2014 strings, voice de-DE-KatjaNeural
288 cached, 1726 to synthesize
  100/1726 (0 failed)
  200/1726 (0 failed)
  300/1726 (0 failed)
  400/1726 (0 failed)
  500/1726 (0 failed)
  600/1726 (0 failed)
  700/1726 (0 failed)
  800/1726 (0 failed)
  900/1726 (0 failed)
  1000/1726 (0 failed)
  1100/1726 (0 failed)
  1200/1726 (0 failed)
  1300/1726 (0 failed)
  1400/1726 (0 failed)
  1500/1726 (0 failed)
  1600/1726 (0 failed)
  1700/1726 (0 failed)
  1726/1726 (0 failed)
wrote manifest.js
total: 2014 files, 81 MB
ru: 1914 strings, voice ru-RU-SvetlanaNeural
0 cached, 1914 to synthesize
  100/1914 (0 failed)
  200/1914 (0 failed)
  300/1914 (0 failed)
  400/1914 (0 failed)
  500/1914 (0 failed)
  600/1914 (0 failed)
  700/1914 (0 failed)
  800/1914 (0 failed)
  900/1914 (0 failed)
  1000/1914 (0 failed)
  1100/1914 (0 failed)
  1200/1914 (0 failed)
  1300/1914 (0 failed)
  1400/1914 (0 failed)
  1500/1914 (0 failed)
  1600/1914 (0 failed)
  1700/1914 (0 failed)
  1800/1914 (0 failed)
  1900/1914 (0 failed)
  1914/1914 (0 failed)
wrote manifest.js
total: 1914 files, 73 MB
it: 1615 strings, voice it-IT-ElsaNeural
0 cached, 1615 to synthesize
  100/1615 (0 failed)
  200/1615 (0 failed)
  300/1615 (0 failed)
  400/1615 (0 failed)
  500/1615 (0 failed)
  600/1615 (0 failed)
  700/1615 (0 failed)
  800/1615 (0 failed)
  900/1615 (0 failed)
  1000/1615 (0 failed)
  1100/1615 (0 failed)
  1200/1615 (0 failed)
  1300/1615 (0 failed)
  1400/1615 (0 failed)
  1500/1615 (0 failed)
  1600/1615 (0 failed)
  1615/1615 (0 failed)
wrote manifest.js
total: 1615 files, 65 MB
es: 1445 strings, voice es-MX-DaliaNeural
0 cached, 1445 to synthesize
  100/1445 (0 failed)
  200/1445 (0 failed)
  300/1445 (0 failed)
  400/1445 (0 failed)
  500/1445 (0 failed)
  600/1445 (0 failed)
  700/1445 (0 failed)
  800/1445 (0 failed)
  900/1445 (0 failed)
  1000/1445 (0 failed)
  1100/1445 (0 failed)
  1200/1445 (0 failed)
  1300/1445 (0 failed)
  1400/1445 (0 failed)
  1445/1445 (0 failed)
wrote manifest.js
total: 1445 files, 45 MB
en: 2278 strings, voice en-US-JennyNeural
0 cached, 2278 to synthesize
  100/2278 (0 failed)
  200/2278 (0 failed)
  300/2278 (0 failed)
  400/2278 (0 failed)
  500/2278 (0 failed)
  600/2278 (0 failed)
  700/2278 (0 failed)
  800/2278 (0 failed)
  900/2278 (0 failed)
  1000/2278 (0 failed)
  1100/2278 (0 failed)
  1200/2278 (0 failed)
  1300/2278 (0 failed)
  1400/2278 (0 failed)
  1500/2278 (0 failed)
  1600/2278 (0 failed)
  1700/2278 (0 failed)
  1800/2278 (0 failed)
  1900/2278 (0 failed)
  2000/2278 (0 failed)
  2100/2278 (0 failed)
  2200/2278 (0 failed)
  2278/2278 (0 failed)
wrote manifest.js
total: 2278 files, 94 MB
ALL-GENERATION-DONE
